  Moc'ing QtProjet2Vaisseau.h...
  Uic'ing QtProjet2Vaisseau.ui...
  Rcc'ing QtProjet2Vaisseau.qrc...
RCC : warning : No resources in 'C:\Users\Projet1\source\repos\ProjetVaisseau\QtProjet2Vaisseau_Git\QtProjet2Vaisseau\QtProjet2Vaisseau.qrc'.
  
  moc_QtProjet2Vaisseau.cpp
  main.cpp
  QtProjet2Vaisseau.cpp
  Génération de code en cours...
  qrc_QtProjet2Vaisseau.cpp
  LINK : C:\Users\Projet1\source\repos\ProjetVaisseau\QtProjet2Vaisseau_Git\x64\Debug\\QtProjet2Vaisseau.exe introuvable ou non généré par la dernière édition de liens incrémentielle ; édition de liens complète en cours
SpaceShuttleLibd.lib(moc_QColorBox.obj) : warning LNK4099: PDB 'SpaceShuttleLib.pdb' n'a pu être trouvé avec 'SpaceShuttleLibd.lib(moc_QColorBox.obj)' ou sur 'C:\Users\Projet1\source\repos\ProjetVaisseau\QtProjet2Vaisseau_Git\x64\Debug\SpaceShuttleLib.pdb' ; l'objet sera lié sans informations de débogage
SpaceShuttleLibd.lib(moc_QPolygonEditor.obj) : warning LNK4099: PDB 'SpaceShuttleLib.pdb' n'a pu être trouvé avec 'SpaceShuttleLibd.lib(moc_QPolygonEditor.obj)' ou sur 'C:\Users\Projet1\source\repos\ProjetVaisseau\QtProjet2Vaisseau_Git\x64\Debug\SpaceShuttleLib.pdb' ; l'objet sera lié sans informations de débogage
SpaceShuttleLibd.lib(moc_QRealValueBox.obj) : warning LNK4099: PDB 'SpaceShuttleLib.pdb' n'a pu être trouvé avec 'SpaceShuttleLibd.lib(moc_QRealValueBox.obj)' ou sur 'C:\Users\Projet1\source\repos\ProjetVaisseau\QtProjet2Vaisseau_Git\x64\Debug\SpaceShuttleLib.pdb' ; l'objet sera lié sans informations de débogage
SpaceShuttleLibd.lib(QCircularBody.obj) : warning LNK4099: PDB 'SpaceShuttleLib.pdb' n'a pu être trouvé avec 'SpaceShuttleLibd.lib(QCircularBody.obj)' ou sur 'C:\Users\Projet1\source\repos\ProjetVaisseau\QtProjet2Vaisseau_Git\x64\Debug\SpaceShuttleLib.pdb' ; l'objet sera lié sans informations de débogage
SpaceShuttleLibd.lib(QColorBox.obj) : warning LNK4099: PDB 'SpaceShuttleLib.pdb' n'a pu être trouvé avec 'SpaceShuttleLibd.lib(QColorBox.obj)' ou sur 'C:\Users\Projet1\source\repos\ProjetVaisseau\QtProjet2Vaisseau_Git\x64\Debug\SpaceShuttleLib.pdb' ; l'objet sera lié sans informations de débogage
SpaceShuttleLibd.lib(QPainterArtist.obj) : warning LNK4099: PDB 'SpaceShuttleLib.pdb' n'a pu être trouvé avec 'SpaceShuttleLibd.lib(QPainterArtist.obj)' ou sur 'C:\Users\Projet1\source\repos\ProjetVaisseau\QtProjet2Vaisseau_Git\x64\Debug\SpaceShuttleLib.pdb' ; l'objet sera lié sans informations de débogage
SpaceShuttleLibd.lib(QPhysicalBody.obj) : warning LNK4099: PDB 'SpaceShuttleLib.pdb' n'a pu être trouvé avec 'SpaceShuttleLibd.lib(QPhysicalBody.obj)' ou sur 'C:\Users\Projet1\source\repos\ProjetVaisseau\QtProjet2Vaisseau_Git\x64\Debug\SpaceShuttleLib.pdb' ; l'objet sera lié sans informations de débogage
SpaceShuttleLibd.lib(QPolygonalBody.obj) : warning LNK4099: PDB 'SpaceShuttleLib.pdb' n'a pu être trouvé avec 'SpaceShuttleLibd.lib(QPolygonalBody.obj)' ou sur 'C:\Users\Projet1\source\repos\ProjetVaisseau\QtProjet2Vaisseau_Git\x64\Debug\SpaceShuttleLib.pdb' ; l'objet sera lié sans informations de débogage
SpaceShuttleLibd.lib(QPolygonEditor.obj) : warning LNK4099: PDB 'SpaceShuttleLib.pdb' n'a pu être trouvé avec 'SpaceShuttleLibd.lib(QPolygonEditor.obj)' ou sur 'C:\Users\Projet1\source\repos\ProjetVaisseau\QtProjet2Vaisseau_Git\x64\Debug\SpaceShuttleLib.pdb' ; l'objet sera lié sans informations de débogage
SpaceShuttleLibd.lib(QPolygonFactory.obj) : warning LNK4099: PDB 'SpaceShuttleLib.pdb' n'a pu être trouvé avec 'SpaceShuttleLibd.lib(QPolygonFactory.obj)' ou sur 'C:\Users\Projet1\source\repos\ProjetVaisseau\QtProjet2Vaisseau_Git\x64\Debug\SpaceShuttleLib.pdb' ; l'objet sera lié sans informations de débogage
SpaceShuttleLibd.lib(QRealValueBox.obj) : warning LNK4099: PDB 'SpaceShuttleLib.pdb' n'a pu être trouvé avec 'SpaceShuttleLibd.lib(QRealValueBox.obj)' ou sur 'C:\Users\Projet1\source\repos\ProjetVaisseau\QtProjet2Vaisseau_Git\x64\Debug\SpaceShuttleLib.pdb' ; l'objet sera lié sans informations de débogage
SpaceShuttleLibd.lib(QRectangularBody.obj) : warning LNK4099: PDB 'SpaceShuttleLib.pdb' n'a pu être trouvé avec 'SpaceShuttleLibd.lib(QRectangularBody.obj)' ou sur 'C:\Users\Projet1\source\repos\ProjetVaisseau\QtProjet2Vaisseau_Git\x64\Debug\SpaceShuttleLib.pdb' ; l'objet sera lié sans informations de débogage
SpaceShuttleLibd.lib(QSceneModel.obj) : warning LNK4099: PDB 'SpaceShuttleLib.pdb' n'a pu être trouvé avec 'SpaceShuttleLibd.lib(QSceneModel.obj)' ou sur 'C:\Users\Projet1\source\repos\ProjetVaisseau\QtProjet2Vaisseau_Git\x64\Debug\SpaceShuttleLib.pdb' ; l'objet sera lié sans informations de débogage
SpaceShuttleLibd.lib(QSceneViewController.obj) : warning LNK4099: PDB 'SpaceShuttleLib.pdb' n'a pu être trouvé avec 'SpaceShuttleLibd.lib(QSceneViewController.obj)' ou sur 'C:\Users\Projet1\source\repos\ProjetVaisseau\QtProjet2Vaisseau_Git\x64\Debug\SpaceShuttleLib.pdb' ; l'objet sera lié sans informations de débogage
SpaceShuttleLibd.lib(QShapeBody.obj) : warning LNK4099: PDB 'SpaceShuttleLib.pdb' n'a pu être trouvé avec 'SpaceShuttleLibd.lib(QShapeBody.obj)' ou sur 'C:\Users\Projet1\source\repos\ProjetVaisseau\QtProjet2Vaisseau_Git\x64\Debug\SpaceShuttleLib.pdb' ; l'objet sera lié sans informations de débogage
SpaceShuttleLibd.lib(QShuttle.obj) : warning LNK4099: PDB 'SpaceShuttleLib.pdb' n'a pu être trouvé avec 'SpaceShuttleLibd.lib(QShuttle.obj)' ou sur 'C:\Users\Projet1\source\repos\ProjetVaisseau\QtProjet2Vaisseau_Git\x64\Debug\SpaceShuttleLib.pdb' ; l'objet sera lié sans informations de débogage
SpaceShuttleLibd.lib(QShuttleController.obj) : warning LNK4099: PDB 'SpaceShuttleLib.pdb' n'a pu être trouvé avec 'SpaceShuttleLibd.lib(QShuttleController.obj)' ou sur 'C:\Users\Projet1\source\repos\ProjetVaisseau\QtProjet2Vaisseau_Git\x64\Debug\SpaceShuttleLib.pdb' ; l'objet sera lié sans informations de débogage
SpaceShuttleLibd.lib(QShuttleFuelTank.obj) : warning LNK4099: PDB 'SpaceShuttleLib.pdb' n'a pu être trouvé avec 'SpaceShuttleLibd.lib(QShuttleFuelTank.obj)' ou sur 'C:\Users\Projet1\source\repos\ProjetVaisseau\QtProjet2Vaisseau_Git\x64\Debug\SpaceShuttleLib.pdb' ; l'objet sera lié sans informations de débogage
SpaceShuttleLibd.lib(QShuttleFuelTankShape.obj) : warning LNK4099: PDB 'SpaceShuttleLib.pdb' n'a pu être trouvé avec 'SpaceShuttleLibd.lib(QShuttleFuelTankShape.obj)' ou sur 'C:\Users\Projet1\source\repos\ProjetVaisseau\QtProjet2Vaisseau_Git\x64\Debug\SpaceShuttleLib.pdb' ; l'objet sera lié sans informations de débogage
SpaceShuttleLibd.lib(QShuttleKeyboardController.obj) : warning LNK4099: PDB 'SpaceShuttleLib.pdb' n'a pu être trouvé avec 'SpaceShuttleLibd.lib(QShuttleKeyboardController.obj)' ou sur 'C:\Users\Projet1\source\repos\ProjetVaisseau\QtProjet2Vaisseau_Git\x64\Debug\SpaceShuttleLib.pdb' ; l'objet sera lié sans informations de débogage
SpaceShuttleLibd.lib(QShuttleThruster.obj) : warning LNK4099: PDB 'SpaceShuttleLib.pdb' n'a pu être trouvé avec 'SpaceShuttleLibd.lib(QShuttleThruster.obj)' ou sur 'C:\Users\Projet1\source\repos\ProjetVaisseau\QtProjet2Vaisseau_Git\x64\Debug\SpaceShuttleLib.pdb' ; l'objet sera lié sans informations de débogage
SpaceShuttleLibd.lib(QShuttleThrusterFume.obj) : warning LNK4099: PDB 'SpaceShuttleLib.pdb' n'a pu être trouvé avec 'SpaceShuttleLibd.lib(QShuttleThrusterFume.obj)' ou sur 'C:\Users\Projet1\source\repos\ProjetVaisseau\QtProjet2Vaisseau_Git\x64\Debug\SpaceShuttleLib.pdb' ; l'objet sera lié sans informations de débogage
SpaceShuttleLibd.lib(QThrusterController.obj) : warning LNK4099: PDB 'SpaceShuttleLib.pdb' n'a pu être trouvé avec 'SpaceShuttleLibd.lib(QThrusterController.obj)' ou sur 'C:\Users\Projet1\source\repos\ProjetVaisseau\QtProjet2Vaisseau_Git\x64\Debug\SpaceShuttleLib.pdb' ; l'objet sera lié sans informations de débogage
SpaceShuttleLibd.lib(QThrusterKeyboardController.obj) : warning LNK4099: PDB 'SpaceShuttleLib.pdb' n'a pu être trouvé avec 'SpaceShuttleLibd.lib(QThrusterKeyboardController.obj)' ou sur 'C:\Users\Projet1\source\repos\ProjetVaisseau\QtProjet2Vaisseau_Git\x64\Debug\SpaceShuttleLib.pdb' ; l'objet sera lié sans informations de débogage
  QtProjet2Vaisseau.vcxproj -> C:\Users\Projet1\source\repos\ProjetVaisseau\QtProjet2Vaisseau_Git\x64\Debug\QtProjet2Vaisseau.exe
  QtProjet2Vaisseau.vcxproj -> C:\Users\Projet1\source\repos\ProjetVaisseau\QtProjet2Vaisseau_Git\x64\Debug\QtProjet2Vaisseau.pdb (Full PDB)
